This is pdfTeX, Version 3.14159265-2.6-1.40.21 (MiKTeX 20.12) (preloaded format=pdflatex 2021.1.5)  10 MAY 2021 15:55
entering extended mode
**C:/Users/RE_MIDA10/Desktop/DOTTORATO/Windy/knapsack_code/Result/Real/subold.t
ex

(C:/Users/RE_MIDA10/Desktop/DOTTORATO/Windy/knapsack_code/Result/Real/subold.te
x
LaTeX2e <2020-10-01> patch level 2
L3 programming layer <2020-12-07> xparse <2020-03-03>

! LaTeX Error: Missing \begin{document}.

See the LaTeX manual or LaTeX Companion for explanation.
Type  H <return>  for immediate help.
 ...                                              
                                                  
l.1 I
     n this section, we focus on the case of a single drone, i.e., \(k=1\), ...

? 
! Emergency stop.
 ...                                              
                                                  
l.1 I
     n this section, we focus on the case of a single drone, i.e., \(k=1\), ...

You're in trouble here.  Try typing  <return>  to proceed.
If that doesn't work, type  X <return>  to quit.

 
Here is how much of TeX's memory you used:
 20 strings out of 479697
 743 string characters out of 2865234
 266170 words of memory out of 3000000
 17212 multiletter control sequences out of 15000+200000
 403430 words of font info for 27 fonts, out of 3000000 for 9000
 1141 hyphenation exceptions out of 8191
 13i,0n,15p,352b,14s stack positions out of 5000i,500n,10000p,200000b,50000s
!  ==> Fatal error occurred, no output PDF file produced!
